<?xml version="1.0" encoding="UTF-8"?>
<testsuite xmlns:xsi="http://www.w3.org/2001/XMLSchema-instance" xsi:noNamespaceSchemaLocation="https://maven.apache.org/surefire/maven-surefire-plugin/xsd/surefire-test-report-3.0.xsd" version="3.0" name="com.cadence.content.ContentServiceApplicationTests" time="4.631" tests="6" errors="0" skipped="0" failures="0">
  <properties>
[...]
</properties>
  <testcase name="testDailyTipUuidPk" classname="com.cadence.content.ContentServiceApplicationTests" time="0.474">
    <system-out><![CDATA[08:53:40.653 [main] INFO org.springframework.test.context.support.AnnotationConfigContextLoaderUtils -- Could not detect default configuration classes for test class [com.cadence.content.ContentServiceApplicationTests]: ContentServiceApplicationTests does not declare any static, non-private, non-final, nested classes annotated with @Configuration.
08:53:40.714 [main] INFO org.springframework.boot.test.context.SpringBootTestContextBootstrapper -- Found @SpringBootConfiguration com.cadence.content.ContentServiceApplication for test class com.cadence.content.ContentServiceApplicationTests

  .   ____          _            __ _ _
 /\\ / ___'_ __ _ _(_)_ __  __ _ \ \ \ \
( ( )\___ | '_ | '_| | '_ \/ _` | \ \ \ \
 \\/  ___)| |_)| | | | | || (_| |  ) ) ) )
  '  |____| .__|_| |_|_| |_\__, | / / / /
 =========|_|==============|___/=/_/_/_/

 :: Spring Boot ::                (v3.3.1)

2026-08-16T08:53:40.995+05:30  INFO 15766 --- [content-service-test] [           main] c.c.c.ContentServiceApplicationTests     : Starting ContentServiceApplicationTests using Java 22.0.2 with PID 15766 (started by aayushbhardwaj in /Users/aayushbhardwaj/iCloud Drive (Archive)/Documents/Projects/Cadence/Cadence/services/content-service)
2026-08-16T08:53:40.996+05:30  INFO 15766 --- [content-service-test] [           main] c.c.c.ContentServiceApplicationTests     : The following 1 profile is active: "test"
2026-08-16T08:53:41.521+05:30  INFO 15766 --- [content-service-test] [           main] .s.d.r.c.RepositoryConfigurationDelegate : Bootstrapping Spring Data JPA repositories in DEFAULT mode.
2026-08-16T08:53:41.560+05:30  INFO 15766 --- [content-service-test] [           main] .s.d.r.c.RepositoryConfigurationDelegate : Finished Spring Data repository scanning in 34 ms. Found 7 JPA repository interfaces.
2026-08-16T08:53:41.974+05:30  INFO 15766 --- [content-service-test] [           main] o.hibernate.jpa.internal.util.LogHelper  : HHH000204: Processing PersistenceUnitInfo [name: default]
2026-08-16T08:53:42.007+05:30  INFO 15766 --- [content-service-test] [           main] org.hibernate.Version                    : HHH000412: Hibernate ORM core version 6.5.2.Final
2026-08-16T08:53:42.025+05:30  INFO 15766 --- [content-service-test] [           main] o.h.c.internal.RegionFactoryInitiator    : HHH000026: Second-level cache disabled
2026-08-16T08:53:42.177+05:30  INFO 15766 --- [content-service-test] [           main] o.s.o.j.p.SpringPersistenceUnitInfo      : No LoadTimeWeaver setup: ignoring JPA class transformer
2026-08-16T08:53:42.191+05:30  INFO 15766 --- [content-service-test] [           main] com.zaxxer.hikari.HikariDataSource       : ContentServiceHikariCP - Starting...
2026-08-16T08:53:42.308+05:30  INFO 15766 --- [content-service-test] [           main] com.zaxxer.hikari.pool.HikariPool        : ContentServiceHikariCP - Added connection conn0: url=jdbc:h2:mem:testdb user=SA
2026-08-16T08:53:42.309+05:30  INFO 15766 --- [content-service-test] [           main] com.zaxxer.hikari.HikariDataSource       : ContentServiceHikariCP - Start completed.
2026-08-16T08:53:42.325+05:30  WARN 15766 --- [content-service-test] [           main] org.hibernate.orm.deprecation            : HHH90000025: H2Dialect does not need to be specified explicitly using 'hibernate.dialect' (remove the property setting and it will be selected by default)
2026-08-16T08:53:42.897+05:30  INFO 15766 --- [content-service-test] [           main] o.h.e.t.j.p.i.JtaPlatformInitiator       : HHH000489: No JTA platform available (set 'hibernate.transaction.jta.platform' to enable JTA platform integration)
Hibernate: 
    drop table if exists public.assessment_reports cascade 
Hibernate: 
    drop table if exists public.assessment_sessions cascade 
Hibernate: 
    drop table if exists public.daily_tips cascade 
Hibernate: 
    drop table if exists public.generated_passages cascade 
Hibernate: 
    drop table if exists public.passage_pool cascade 
Hibernate: 
    drop table if exists public.profiles cascade 
Hibernate: 
    drop table if exists public.refill_lock cascade 
Hibernate: 
    drop table if exists public.word_bank cascade 
Hibernate: 
    create table public.assessment_reports (
        overall_score integer,
        created_at timestamp(6) with time zone not null,
        assessment_session_id uuid not null,
        id uuid not null,
        focus_areas varchar(255) array,
        primary key (id)
    )
Hibernate: 
    create table public.assessment_sessions (
        created_at timestamp(6) with time zone not null,
        id uuid not null,
        user_id uuid not null,
        primary key (id)
    )
Hibernate: 
    create table public.daily_tips (
        is_personalized boolean not null,
        tip_date date not null,
        generated_at timestamp(6) with time zone not null,
        id uuid not null,
        user_id uuid not null,
        tip_text varchar(255) not null,
        primary key (id)
    )
Hibernate: 
    create table public.generated_passages (
        word_count integer not null,
        generated_at timestamp(6) with time zone not null,
        id uuid not null,
        difficulty varchar(255) not null,
        passage_text varchar(255) not null,
        topic varchar(255) not null,
        target_words jsonb,
        primary key (id)
    )
Hibernate: 
    create table public.passage_pool (
        created_at timestamp(6) with time zone,
        served_at timestamp(6) with time zone,
        id uuid not null,
        passage_id uuid not null,
        difficulty varchar(255) not null,
        status varchar(255) not null,
        topic varchar(255) not null,
        primary key (id)
    )
Hibernate: 
    create table public.profiles (
        id uuid not null,
        tier varchar(255) not null,
        primary key (id)
    )
Hibernate: 
    create table public.refill_lock (
        is_locked boolean,
        lock_key bigint not null,
        locked_at timestamp(6) with time zone,
        primary key (lock_key)
    )
Hibernate: 
    create table public.word_bank (
        active boolean not null,
        id uuid not null,
        bucket varchar(255),
        difficulty varchar(255),
        issue_type varchar(255),
        topic_fit varchar(255),
        verified_by_slp varchar(255),
        word varchar(255) not null,
        word_code varchar(255),
        primary key (id)
    )
2026-08-16T08:53:42.922+05:30  INFO 15766 --- [content-service-test] [           main] j.LocalContainerEntityManagerFactoryBean : Initialized JPA EntityManagerFactory for persistence unit 'default'
2026-08-16T08:53:43.217+05:30  INFO 15766 --- [content-service-test] [           main] o.s.d.j.r.query.QueryEnhancerFactory     : Hibernate is in classpath; If applicable, HQL parser will be used.
2026-08-16T08:53:43.823+05:30  WARN 15766 --- [content-service-test] [           main] JpaBaseConfiguration$JpaWebConfiguration : spring.jpa.open-in-view is enabled by default. Therefore, database queries may be performed during view rendering. Explicitly configure spring.jpa.open-in-view to disable this warning
2026-08-16T08:53:43.847+05:30  WARN 15766 --- [content-service-test] [           main] .s.s.UserDetailsServiceAutoConfiguration : 

Using generated security password: 1b2f76dc-89db-4326-baa4-8f7d95fa284f

This generated password is for development use only. Your security configuration must be updated before running your application in production.

2026-08-16T08:53:43.856+05:30  INFO 15766 --- [content-service-test] [           main] r$InitializeUserDetailsManagerConfigurer : Global AuthenticationManager configured with UserDetailsService bean with name inMemoryUserDetailsManager
2026-08-16T08:53:44.209+05:30  INFO 15766 --- [content-service-test] [           main] o.s.b.a.e.web.EndpointLinksResolver      : Exposing 1 endpoint beneath base path '/actuator'
2026-08-16T08:53:44.580+05:30  INFO 15766 --- [content-service-test] [           main] c.c.c.ContentServiceApplicationTests     : Started ContentServiceApplicationTests in 3.795 seconds (process running for 4.386)
Hibernate: 
    insert 
    into
        public.daily_tips
        (generated_at, is_personalized, tip_date, tip_text, user_id, id) 
    values
        (?, ?, ?, ?, ?, ?)
Hibernate: 
    select
        dt1_0.id,
        dt1_0.generated_at,
        dt1_0.is_personalized,
        dt1_0.tip_date,
        dt1_0.tip_text,
        dt1_0.user_id 
    from
        public.daily_tips dt1_0 
    where
        dt1_0.user_id=? 
        and dt1_0.tip_date=?
Hibernate: 
    select
        dt1_0.id,
        dt1_0.generated_at,
        dt1_0.is_personalized,
        dt1_0.tip_date,
        dt1_0.tip_text,
        dt1_0.user_id 
    from
        public.daily_tips dt1_0 
    where
        dt1_0.user_id=? 
        and dt1_0.tip_date=?
]]></system-out>
    <system-err><![CDATA[WARNING: A Java agent has been loaded dynamically (/Users/aayushbhardwaj/.m2/repository/net/bytebuddy/byte-buddy-agent/1.14.17/byte-buddy-agent-1.14.17.jar)
WARNING: If a serviceability tool is in use, please run with -XX:+EnableDynamicAgentLoading to hide this warning
WARNING: If a serviceability tool is not in use, please run with -Djdk.instrument.traceUsage for more information
WARNING: Dynamic loading of agents will be disallowed by default in a future release
]]></system-err>
  </testcase>
  <testcase name="testFreeUserTipSeeding" classname="com.cadence.content.ContentServiceApplicationTests" time="0.003"/>
  <testcase name="testPaidUserTipWithFocusAreas" classname="com.cadence.content.ContentServiceApplicationTests" time="0.018">
    <system-out><![CDATA[Hibernate: 
    select
        p1_0.id,
        p1_0.tier 
    from
        public.profiles p1_0 
    where
        p1_0.id=?
Hibernate: 
    insert 
    into
        public.profiles
        (tier, id) 
    values
        (?, ?)
Hibernate: 
    select
        ar1_0.id,
        ar1_0.assessment_session_id,
        ar1_0.created_at,
        ar1_0.focus_areas,
        ar1_0.overall_score 
    from
        public.assessment_reports ar1_0 
    where
        ar1_0.id=?
Hibernate: 
    insert 
    into
        public.assessment_reports
        (assessment_session_id, created_at, focus_areas, overall_score, id) 
    values
        (?, ?, ?, ?, ?)
Hibernate: 
    insert 
    into
        public.daily_tips
        (generated_at, is_personalized, tip_date, tip_text, user_id, id) 
    values
        (?, ?, ?, ?, ?, ?)
Hibernate: 
    select
        dt1_0.id,
        dt1_0.generated_at,
        dt1_0.is_personalized,
        dt1_0.tip_date,
        dt1_0.tip_text,
        dt1_0.user_id 
    from
        public.daily_tips dt1_0 
    where
        dt1_0.user_id=? 
        and dt1_0.tip_date=?
2026-08-16T08:53:45.138+05:30  INFO 15766 --- [content-service-test] [           main] com.cadence.content.service.TipService   : Cache hit for user d8e579fd-7f2b-4910-8104-46c84139ce6e on 2026-08-16
]]></system-out>
  </testcase>
  <testcase name="testRefillLockMapping" classname="com.cadence.content.ContentServiceApplicationTests" time="0.009">
    <system-out><![CDATA[Hibernate: 
    select
        rl1_0.lock_key,
        rl1_0.is_locked,
        rl1_0.locked_at 
    from
        public.refill_lock rl1_0 
    where
        rl1_0.lock_key=?
Hibernate: 
    insert 
    into
        public.refill_lock
        (is_locked, locked_at, lock_key) 
    values
        (?, ?, ?)
Hibernate: 
    select
        rl1_0.lock_key,
        rl1_0.is_locked,
        rl1_0.locked_at 
    from
        public.refill_lock rl1_0 
    where
        rl1_0.lock_key=?
Hibernate: 
    select
        rl1_0.lock_key,
        rl1_0.is_locked,
        rl1_0.locked_at 
    from
        public.refill_lock rl1_0 
    where
        rl1_0.lock_key=?
]]></system-out>
  </testcase>
  <testcase name="contextLoads" classname="com.cadence.content.ContentServiceApplicationTests" time="0.003"/>
  <testcase name="testDifficultyAndTopicResolvers" classname="com.cadence.content.ContentServiceApplicationTests" time="0.002"/>
</testsuite>